
tim@Timothys-MacBook-Air scripts % pytest test_script.py -v
======================================================== test session starts =========================================================
platform darwin -- Python 3.9.6, pytest-8.4.1, pluggy-1.6.0 -- /Library/Developer/CommandLineTools/usr/bin/python3
cachedir: .pytest_cache
rootdir: /Users/tim/Documents/workspace/qa/python3/scripts
plugins: mock-3.14.1
collected 1 item                                                                                                                     

test_script.py::test_main PASSED                                                                                               [100%]

========================================================= 1 passed in 0.01s ==========================================================

